[0.437s] DEBUG:colcon:Command line arguments: ['/home/ansuman/.local/bin/colcon', 'build']
[0.437s] DEBUG:colcon:Parsed command line arguments: Namespace(log_base=None, log_level=None, verb_name='build', build_base='build', install_base='install', merge_install=False, symlink_install=False, test_result_base=None, continue_on_error=False, executor='parallel', parallel_workers=12, event_handlers=None, ignore_user_meta=False, metas=['./colcon.meta'], base_paths=['.'], packages_ignore=None, packages_ignore_regex=None, paths=None, packages_up_to=None, packages_up_to_regex=None, packages_above=None, packages_above_and_dependencies=None, packages_above_depth=None, packages_select_by_dep=None, packages_skip_by_dep=None, packages_skip_up_to=None, packages_select_build_failed=False, packages_skip_build_finished=False, packages_select_test_failures=False, packages_skip_test_passed=False, packages_select=None, packages_skip=None, packages_select_regex=None, packages_skip_regex=None, packages_start=None, packages_end=None, allow_overriding=[], cmake_args=None, cmake_target=None, cmake_target_skip_unavailable=False, cmake_clean_cache=False, cmake_clean_first=False, cmake_force_configure=False, ament_cmake_args=None, catkin_cmake_args=None, catkin_skip_building_tests=False, verb_parser=<colcon_defaults.argument_parser.defaults.DefaultArgumentsDecorator object at 0x7fd325fd2860>, verb_extension=<colcon_core.verb.build.BuildVerb object at 0x7fd325fd22f0>, main=<bound method BuildVerb.main of <colcon_core.verb.build.BuildVerb object at 0x7fd325fd22f0>>)
[0.461s] Level 1:colcon.colcon_core.package_discovery:discover_packages(colcon_meta) check parameters
[0.461s] Level 1:colcon.colcon_core.package_discovery:discover_packages(recursive) check parameters
[0.461s] Level 1:colcon.colcon_core.package_discovery:discover_packages(ignore) check parameters
[0.461s] Level 1:colcon.colcon_core.package_discovery:discover_packages(path) check parameters
[0.461s] Level 1:colcon.colcon_core.package_discovery:discover_packages(colcon_meta) discover
[0.461s] Level 1:colcon.colcon_core.package_discovery:discover_packages(recursive) discover
[0.461s] INFO:colcon.colcon_core.package_discovery:Crawling recursively for packages in '/home/ansuman/eyrc_hb/hb_task1b_ws'
[0.461s] Level 1:colcon.colcon_core.package_identification:_identify(.) by extensions ['ignore', 'ignore_ament_install']
[0.462s] Level 1:colcon.colcon_core.package_identification:_identify(.) by extension 'ignore'
[0.462s] Level 1:colcon.colcon_core.package_identification:_identify(.) by extension 'ignore_ament_install'
[0.462s] Level 1:colcon.colcon_core.package_identification:_identify(.) by extensions ['colcon_pkg']
[0.462s] Level 1:colcon.colcon_core.package_identification:_identify(.) by extension 'colcon_pkg'
[0.462s] Level 1:colcon.colcon_core.package_identification:_identify(.) by extensions ['colcon_meta']
[0.462s] Level 1:colcon.colcon_core.package_identification:_identify(.) by extension 'colcon_meta'
[0.462s] Level 1:colcon.colcon_core.package_identification:_identify(.) by extensions ['ros']
[0.462s] Level 1:colcon.colcon_core.package_identification:_identify(.) by extension 'ros'
[0.472s] Level 1:colcon.colcon_core.package_identification:_identify(.) by extensions ['cmake', 'python']
[0.472s] Level 1:colcon.colcon_core.package_identification:_identify(.) by extension 'cmake'
[0.472s] Level 1:colcon.colcon_core.package_identification:_identify(.) by extension 'python'
[0.472s] Level 1:colcon.colcon_core.package_identification:_identify(.) by extensions ['python_setup_py']
[0.472s] Level 1:colcon.colcon_core.package_identification:_identify(.) by extension 'python_setup_py'
[0.472s] Level 1:colcon.colcon_core.package_identification:_identify(build) by extensions ['ignore', 'ignore_ament_install']
[0.472s] Level 1:colcon.colcon_core.package_identification:_identify(build) by extension 'ignore'
[0.472s] Level 1:colcon.colcon_core.package_identification:_identify(build) ignored
[0.472s] Level 1:colcon.colcon_core.package_identification:_identify(install) by extensions ['ignore', 'ignore_ament_install']
[0.472s] Level 1:colcon.colcon_core.package_identification:_identify(install) by extension 'ignore'
[0.472s] Level 1:colcon.colcon_core.package_identification:_identify(install) ignored
[0.472s] Level 1:colcon.colcon_core.package_identification:_identify(log) by extensions ['ignore', 'ignore_ament_install']
[0.472s] Level 1:colcon.colcon_core.package_identification:_identify(log) by extension 'ignore'
[0.473s] Level 1:colcon.colcon_core.package_identification:_identify(log) ignored
[0.473s] Level 1:colcon.colcon_core.package_identification:_identify(src) by extensions ['ignore', 'ignore_ament_install']
[0.473s] Level 1:colcon.colcon_core.package_identification:_identify(src) by extension 'ignore'
[0.473s] Level 1:colcon.colcon_core.package_identification:_identify(src) by extension 'ignore_ament_install'
[0.473s] Level 1:colcon.colcon_core.package_identification:_identify(src) by extensions ['colcon_pkg']
[0.473s] Level 1:colcon.colcon_core.package_identification:_identify(src) by extension 'colcon_pkg'
[0.473s] Level 1:colcon.colcon_core.package_identification:_identify(src) by extensions ['colcon_meta']
[0.473s] Level 1:colcon.colcon_core.package_identification:_identify(src) by extension 'colcon_meta'
[0.473s] Level 1:colcon.colcon_core.package_identification:_identify(src) by extensions ['ros']
[0.473s] Level 1:colcon.colcon_core.package_identification:_identify(src) by extension 'ros'
[0.473s] Level 1:colcon.colcon_core.package_identification:_identify(src) by extensions ['cmake', 'python']
[0.473s] Level 1:colcon.colcon_core.package_identification:_identify(src) by extension 'cmake'
[0.473s] Level 1:colcon.colcon_core.package_identification:_identify(src) by extension 'python'
[0.473s] Level 1:colcon.colcon_core.package_identification:_identify(src) by extensions ['python_setup_py']
[0.473s] Level 1:colcon.colcon_core.package_identification:_identify(src) by extension 'python_setup_py'
[0.473s] Level 1:colcon.colcon_core.package_identification:_identify(src/hb_task_1b) by extensions ['ignore', 'ignore_ament_install']
[0.473s] Level 1:colcon.colcon_core.package_identification:_identify(src/hb_task_1b) by extension 'ignore'
[0.473s] Level 1:colcon.colcon_core.package_identification:_identify(src/hb_task_1b) by extension 'ignore_ament_install'
[0.473s] Level 1:colcon.colcon_core.package_identification:_identify(src/hb_task_1b) by extensions ['colcon_pkg']
[0.473s] Level 1:colcon.colcon_core.package_identification:_identify(src/hb_task_1b) by extension 'colcon_pkg'
[0.473s] Level 1:colcon.colcon_core.package_identification:_identify(src/hb_task_1b) by extensions ['colcon_meta']
[0.473s] Level 1:colcon.colcon_core.package_identification:_identify(src/hb_task_1b) by extension 'colcon_meta'
[0.473s] Level 1:colcon.colcon_core.package_identification:_identify(src/hb_task_1b) by extensions ['ros']
[0.473s] Level 1:colcon.colcon_core.package_identification:_identify(src/hb_task_1b) by extension 'ros'
[0.476s] DEBUG:colcon.colcon_core.package_identification:Package 'src/hb_task_1b' with type 'ros.ament_python' and name 'hb_task_1b'
[0.476s] Level 1:colcon.colcon_core.package_identification:_identify(src/my_robot_interfaces) by extensions ['ignore', 'ignore_ament_install']
[0.476s] Level 1:colcon.colcon_core.package_identification:_identify(src/my_robot_interfaces) by extension 'ignore'
[0.476s] Level 1:colcon.colcon_core.package_identification:_identify(src/my_robot_interfaces) by extension 'ignore_ament_install'
[0.476s] Level 1:colcon.colcon_core.package_identification:_identify(src/my_robot_interfaces) by extensions ['colcon_pkg']
[0.476s] Level 1:colcon.colcon_core.package_identification:_identify(src/my_robot_interfaces) by extension 'colcon_pkg'
[0.476s] Level 1:colcon.colcon_core.package_identification:_identify(src/my_robot_interfaces) by extensions ['colcon_meta']
[0.476s] Level 1:colcon.colcon_core.package_identification:_identify(src/my_robot_interfaces) by extension 'colcon_meta'
[0.476s] Level 1:colcon.colcon_core.package_identification:_identify(src/my_robot_interfaces) by extensions ['ros']
[0.476s] Level 1:colcon.colcon_core.package_identification:_identify(src/my_robot_interfaces) by extension 'ros'
[0.477s] DEBUG:colcon.colcon_core.package_identification:Package 'src/my_robot_interfaces' with type 'ros.ament_cmake' and name 'my_robot_interfaces'
[0.477s] Level 1:colcon.colcon_core.package_discovery:discover_packages(recursive) using defaults
[0.477s] Level 1:colcon.colcon_core.package_discovery:discover_packages(ignore) discover
[0.477s] Level 1:colcon.colcon_core.package_discovery:discover_packages(ignore) using defaults
[0.477s] Level 1:colcon.colcon_core.package_discovery:discover_packages(path) discover
[0.477s] Level 1:colcon.colcon_core.package_discovery:discover_packages(path) using defaults
[0.505s] Level 1:colcon.colcon_core.package_discovery:discover_packages(prefix_path) check parameters
[0.505s] Level 1:colcon.colcon_core.package_discovery:discover_packages(prefix_path) discover
[0.511s] DEBUG:colcon.colcon_installed_package_information.package_discovery:Found 2 installed packages in /home/ansuman/eyrc_hb/hb_task1b_ws/install
[0.514s] DEBUG:colcon.colcon_installed_package_information.package_discovery:Found 281 installed packages in /opt/ros/humble
[0.515s] Level 1:colcon.colcon_core.package_discovery:discover_packages(prefix_path) using defaults
[0.569s] Level 5:colcon.colcon_core.verb:set package 'hb_task_1b' build argument 'cmake_args' from command line to 'None'
[0.569s] Level 5:colcon.colcon_core.verb:set package 'hb_task_1b' build argument 'cmake_target' from command line to 'None'
[0.569s] Level 5:colcon.colcon_core.verb:set package 'hb_task_1b' build argument 'cmake_target_skip_unavailable' from command line to 'False'
[0.569s] Level 5:colcon.colcon_core.verb:set package 'hb_task_1b' build argument 'cmake_clean_cache' from command line to 'False'
[0.569s] Level 5:colcon.colcon_core.verb:set package 'hb_task_1b' build argument 'cmake_clean_first' from command line to 'False'
[0.570s] Level 5:colcon.colcon_core.verb:set package 'hb_task_1b' build argument 'cmake_force_configure' from command line to 'False'
[0.570s] Level 5:colcon.colcon_core.verb:set package 'hb_task_1b' build argument 'ament_cmake_args' from command line to 'None'
[0.570s] Level 5:colcon.colcon_core.verb:set package 'hb_task_1b' build argument 'catkin_cmake_args' from command line to 'None'
[0.570s] Level 5:colcon.colcon_core.verb:set package 'hb_task_1b' build argument 'catkin_skip_building_tests' from command line to 'False'
[0.570s] DEBUG:colcon.colcon_core.verb:Building package 'hb_task_1b' with the following arguments: {'ament_cmake_args': None, 'build_base': '/home/ansuman/eyrc_hb/hb_task1b_ws/build/hb_task_1b', 'catkin_cmake_args': None, 'catkin_skip_building_tests': False, 'cmake_args': None, 'cmake_clean_cache': False, 'cmake_clean_first': False, 'cmake_force_configure': False, 'cmake_target': None, 'cmake_target_skip_unavailable': False, 'install_base': '/home/ansuman/eyrc_hb/hb_task1b_ws/install/hb_task_1b', 'merge_install': False, 'path': '/home/ansuman/eyrc_hb/hb_task1b_ws/src/hb_task_1b', 'symlink_install': False, 'test_result_base': None}
[0.575s] Level 5:colcon.colcon_core.verb:set package 'my_robot_interfaces' build argument 'cmake_args' from command line to 'None'
[0.575s] Level 5:colcon.colcon_core.verb:set package 'my_robot_interfaces' build argument 'cmake_target' from command line to 'None'
[0.575s] Level 5:colcon.colcon_core.verb:set package 'my_robot_interfaces' build argument 'cmake_target_skip_unavailable' from command line to 'False'
[0.575s] Level 5:colcon.colcon_core.verb:set package 'my_robot_interfaces' build argument 'cmake_clean_cache' from command line to 'False'
[0.575s] Level 5:colcon.colcon_core.verb:set package 'my_robot_interfaces' build argument 'cmake_clean_first' from command line to 'False'
[0.575s] Level 5:colcon.colcon_core.verb:set package 'my_robot_interfaces' build argument 'cmake_force_configure' from command line to 'False'
[0.575s] Level 5:colcon.colcon_core.verb:set package 'my_robot_interfaces' build argument 'ament_cmake_args' from command line to 'None'
[0.575s] Level 5:colcon.colcon_core.verb:set package 'my_robot_interfaces' build argument 'catkin_cmake_args' from command line to 'None'
[0.575s] Level 5:colcon.colcon_core.verb:set package 'my_robot_interfaces' build argument 'catkin_skip_building_tests' from command line to 'False'
[0.575s] DEBUG:colcon.colcon_core.verb:Building package 'my_robot_interfaces' with the following arguments: {'ament_cmake_args': None, 'build_base': '/home/ansuman/eyrc_hb/hb_task1b_ws/build/my_robot_interfaces', 'catkin_cmake_args': None, 'catkin_skip_building_tests': False, 'cmake_args': None, 'cmake_clean_cache': False, 'cmake_clean_first': False, 'cmake_force_configure': False, 'cmake_target': None, 'cmake_target_skip_unavailable': False, 'install_base': '/home/ansuman/eyrc_hb/hb_task1b_ws/install/my_robot_interfaces', 'merge_install': False, 'path': '/home/ansuman/eyrc_hb/hb_task1b_ws/src/my_robot_interfaces', 'symlink_install': False, 'test_result_base': None}
[0.577s] INFO:colcon.colcon_core.executor:Executing jobs using 'parallel' executor
[0.585s] DEBUG:colcon.colcon_parallel_executor.executor.parallel:run_until_complete
[0.585s] INFO:colcon.colcon_ros.task.ament_python.build:Building ROS package in '/home/ansuman/eyrc_hb/hb_task1b_ws/src/hb_task_1b' with build type 'ament_python'
[0.585s] Level 1:colcon.colcon_core.shell:create_environment_hook('hb_task_1b', 'ament_prefix_path')
[0.591s] INFO:colcon.colcon_core.plugin_system:Skipping extension 'colcon_core.shell.bat': Not used on non-Windows systems
[0.591s] INFO:colcon.colcon_core.shell:Creating environment hook '/home/ansuman/eyrc_hb/hb_task1b_ws/install/hb_task_1b/share/hb_task_1b/hook/ament_prefix_path.ps1'
[0.592s] INFO:colcon.colcon_core.shell:Creating environment descriptor '/home/ansuman/eyrc_hb/hb_task1b_ws/install/hb_task_1b/share/hb_task_1b/hook/ament_prefix_path.dsv'
[0.592s] INFO:colcon.colcon_core.shell:Creating environment hook '/home/ansuman/eyrc_hb/hb_task1b_ws/install/hb_task_1b/share/hb_task_1b/hook/ament_prefix_path.sh'
[0.596s] INFO:colcon.colcon_core.shell:Skip shell extension 'powershell' for command environment: Not usable outside of PowerShell
[0.596s] DEBUG:colcon.colcon_core.shell:Skip shell extension 'dsv' for command environment
[0.605s] INFO:colcon.colcon_ros.task.ament_cmake.build:Building ROS package in '/home/ansuman/eyrc_hb/hb_task1b_ws/src/my_robot_interfaces' with build type 'ament_cmake'
[0.605s] INFO:colcon.colcon_cmake.task.cmake.build:Building CMake package in '/home/ansuman/eyrc_hb/hb_task1b_ws/src/my_robot_interfaces'
[0.609s] INFO:colcon.colcon_core.shell:Skip shell extension 'powershell' for command environment: Not usable outside of PowerShell
[0.609s] DEBUG:colcon.colcon_core.shell:Skip shell extension 'dsv' for command environment
[0.848s] INFO:colcon.colcon_core.task.python.build:Building Python package in '/home/ansuman/eyrc_hb/hb_task1b_ws/src/hb_task_1b'
[0.852s] INFO:colcon.colcon_core.shell:Skip shell extension 'powershell' for command environment: Not usable outside of PowerShell
[0.852s] DEBUG:colcon.colcon_core.shell:Skip shell extension 'dsv' for command environment
[0.865s] DEBUG:colcon.colcon_core.event_handler.log_command:Invoking command in '/home/ansuman/eyrc_hb/hb_task1b_ws/build/my_robot_interfaces': CMAKE_PREFIX_PATH=${CMAKE_PREFIX_PATH}:/home/ansuman/eyrc_hb/hb_task1b_ws/install/hb_task_1b:/opt/ros/humble /usr/bin/cmake --build /home/ansuman/eyrc_hb/hb_task1b_ws/build/my_robot_interfaces -- -j12 -l12
[1.205s] DEBUG:colcon.colcon_core.event_handler.log_command:Invoking command in '/home/ansuman/eyrc_hb/hb_task1b_ws/src/hb_task_1b': PYTHONPATH=/home/ansuman/eyrc_hb/hb_task1b_ws/build/hb_task_1b/prefix_override:/home/ansuman/eyrc_hb/hb_task1b_ws/install/hb_task_1b/lib/python3.10/site-packages:${PYTHONPATH} /usr/bin/python3 setup.py egg_info --egg-base ../../build/hb_task_1b build --build-base /home/ansuman/eyrc_hb/hb_task1b_ws/build/hb_task_1b/build install --record /home/ansuman/eyrc_hb/hb_task1b_ws/build/hb_task_1b/install.log --single-version-externally-managed
[1.207s] DEBUG:colcon.colcon_core.event_handler.log_command:Invoked command in '/home/ansuman/eyrc_hb/hb_task1b_ws/build/my_robot_interfaces' returned '0': CMAKE_PREFIX_PATH=${CMAKE_PREFIX_PATH}:/home/ansuman/eyrc_hb/hb_task1b_ws/install/hb_task_1b:/opt/ros/humble /usr/bin/cmake --build /home/ansuman/eyrc_hb/hb_task1b_ws/build/my_robot_interfaces -- -j12 -l12
[1.255s] DEBUG:colcon.colcon_core.event_handler.log_command:Invoking command in '/home/ansuman/eyrc_hb/hb_task1b_ws/build/my_robot_interfaces': CMAKE_PREFIX_PATH=${CMAKE_PREFIX_PATH}:/home/ansuman/eyrc_hb/hb_task1b_ws/install/hb_task_1b:/opt/ros/humble /usr/bin/cmake --install /home/ansuman/eyrc_hb/hb_task1b_ws/build/my_robot_interfaces
[1.299s] Level 1:colcon.colcon_core.environment:create_environment_scripts_only(my_robot_interfaces)
[1.301s] DEBUG:colcon.colcon_core.event_handler.log_command:Invoked command in '/home/ansuman/eyrc_hb/hb_task1b_ws/build/my_robot_interfaces' returned '0': CMAKE_PREFIX_PATH=${CMAKE_PREFIX_PATH}:/home/ansuman/eyrc_hb/hb_task1b_ws/install/hb_task_1b:/opt/ros/humble /usr/bin/cmake --install /home/ansuman/eyrc_hb/hb_task1b_ws/build/my_robot_interfaces
[1.305s] Level 1:colcon.colcon_core.environment:checking '/home/ansuman/eyrc_hb/hb_task1b_ws/install/my_robot_interfaces' for CMake module files
[1.306s] Level 1:colcon.colcon_core.environment:checking '/home/ansuman/eyrc_hb/hb_task1b_ws/install/my_robot_interfaces' for CMake config files
[1.306s] Level 1:colcon.colcon_core.shell:create_environment_hook('my_robot_interfaces', 'cmake_prefix_path')
[1.309s] INFO:colcon.colcon_core.shell:Creating environment hook '/home/ansuman/eyrc_hb/hb_task1b_ws/install/my_robot_interfaces/share/my_robot_interfaces/hook/cmake_prefix_path.ps1'
[1.309s] INFO:colcon.colcon_core.shell:Creating environment descriptor '/home/ansuman/eyrc_hb/hb_task1b_ws/install/my_robot_interfaces/share/my_robot_interfaces/hook/cmake_prefix_path.dsv'
[1.309s] INFO:colcon.colcon_core.shell:Creating environment hook '/home/ansuman/eyrc_hb/hb_task1b_ws/install/my_robot_interfaces/share/my_robot_interfaces/hook/cmake_prefix_path.sh'
[1.310s] Level 1:colcon.colcon_core.environment:checking '/home/ansuman/eyrc_hb/hb_task1b_ws/install/my_robot_interfaces/lib'
[1.311s] Level 1:colcon.colcon_core.shell:create_environment_hook('my_robot_interfaces', 'ld_library_path_lib')
[1.314s] INFO:colcon.colcon_core.shell:Creating environment hook '/home/ansuman/eyrc_hb/hb_task1b_ws/install/my_robot_interfaces/share/my_robot_interfaces/hook/ld_library_path_lib.ps1'
[1.315s] INFO:colcon.colcon_core.shell:Creating environment descriptor '/home/ansuman/eyrc_hb/hb_task1b_ws/install/my_robot_interfaces/share/my_robot_interfaces/hook/ld_library_path_lib.dsv'
[1.315s] INFO:colcon.colcon_core.shell:Creating environment hook '/home/ansuman/eyrc_hb/hb_task1b_ws/install/my_robot_interfaces/share/my_robot_interfaces/hook/ld_library_path_lib.sh'
[1.316s] Level 1:colcon.colcon_core.environment:checking '/home/ansuman/eyrc_hb/hb_task1b_ws/install/my_robot_interfaces/bin'
[1.316s] Level 1:colcon.colcon_core.environment:checking '/home/ansuman/eyrc_hb/hb_task1b_ws/install/my_robot_interfaces/lib/pkgconfig/my_robot_interfaces.pc'
[1.316s] Level 1:colcon.colcon_core.environment:checking '/home/ansuman/eyrc_hb/hb_task1b_ws/install/my_robot_interfaces/lib/python3.10/site-packages'
[1.316s] Level 1:colcon.colcon_core.environment:checking '/home/ansuman/eyrc_hb/hb_task1b_ws/install/my_robot_interfaces/bin'
[1.319s] INFO:colcon.colcon_core.shell:Creating package script '/home/ansuman/eyrc_hb/hb_task1b_ws/install/my_robot_interfaces/share/my_robot_interfaces/package.ps1'
[1.320s] INFO:colcon.colcon_core.shell:Creating package descriptor '/home/ansuman/eyrc_hb/hb_task1b_ws/install/my_robot_interfaces/share/my_robot_interfaces/package.dsv'
[1.321s] INFO:colcon.colcon_core.shell:Creating package script '/home/ansuman/eyrc_hb/hb_task1b_ws/install/my_robot_interfaces/share/my_robot_interfaces/package.sh'
[1.321s] INFO:colcon.colcon_core.shell:Creating package script '/home/ansuman/eyrc_hb/hb_task1b_ws/install/my_robot_interfaces/share/my_robot_interfaces/package.bash'
[1.322s] INFO:colcon.colcon_core.shell:Creating package script '/home/ansuman/eyrc_hb/hb_task1b_ws/install/my_robot_interfaces/share/my_robot_interfaces/package.zsh'
[1.322s] Level 1:colcon.colcon_core.environment:create_file_with_runtime_dependencies(/home/ansuman/eyrc_hb/hb_task1b_ws/install/my_robot_interfaces/share/colcon-core/packages/my_robot_interfaces)
[1.364s] Level 1:colcon.colcon_core.environment:create_environment_scripts_only(my_robot_interfaces)
[1.368s] Level 1:colcon.colcon_core.environment:checking '/home/ansuman/eyrc_hb/hb_task1b_ws/install/my_robot_interfaces' for CMake module files
[1.368s] Level 1:colcon.colcon_core.environment:checking '/home/ansuman/eyrc_hb/hb_task1b_ws/install/my_robot_interfaces' for CMake config files
[1.368s] Level 1:colcon.colcon_core.shell:create_environment_hook('my_robot_interfaces', 'cmake_prefix_path')
[1.372s] INFO:colcon.colcon_core.shell:Creating environment hook '/home/ansuman/eyrc_hb/hb_task1b_ws/install/my_robot_interfaces/share/my_robot_interfaces/hook/cmake_prefix_path.ps1'
[1.372s] INFO:colcon.colcon_core.shell:Creating environment descriptor '/home/ansuman/eyrc_hb/hb_task1b_ws/install/my_robot_interfaces/share/my_robot_interfaces/hook/cmake_prefix_path.dsv'
[1.373s] INFO:colcon.colcon_core.shell:Creating environment hook '/home/ansuman/eyrc_hb/hb_task1b_ws/install/my_robot_interfaces/share/my_robot_interfaces/hook/cmake_prefix_path.sh'
[1.373s] Level 1:colcon.colcon_core.environment:checking '/home/ansuman/eyrc_hb/hb_task1b_ws/install/my_robot_interfaces/lib'
[1.373s] Level 1:colcon.colcon_core.shell:create_environment_hook('my_robot_interfaces', 'ld_library_path_lib')
[1.377s] INFO:colcon.colcon_core.shell:Creating environment hook '/home/ansuman/eyrc_hb/hb_task1b_ws/install/my_robot_interfaces/share/my_robot_interfaces/hook/ld_library_path_lib.ps1'
[1.377s] INFO:colcon.colcon_core.shell:Creating environment descriptor '/home/ansuman/eyrc_hb/hb_task1b_ws/install/my_robot_interfaces/share/my_robot_interfaces/hook/ld_library_path_lib.dsv'
[1.378s] INFO:colcon.colcon_core.shell:Creating environment hook '/home/ansuman/eyrc_hb/hb_task1b_ws/install/my_robot_interfaces/share/my_robot_interfaces/hook/ld_library_path_lib.sh'
[1.378s] Level 1:colcon.colcon_core.environment:checking '/home/ansuman/eyrc_hb/hb_task1b_ws/install/my_robot_interfaces/bin'
[1.378s] Level 1:colcon.colcon_core.environment:checking '/home/ansuman/eyrc_hb/hb_task1b_ws/install/my_robot_interfaces/lib/pkgconfig/my_robot_interfaces.pc'
[1.379s] Level 1:colcon.colcon_core.environment:checking '/home/ansuman/eyrc_hb/hb_task1b_ws/install/my_robot_interfaces/lib/python3.10/site-packages'
[1.379s] Level 1:colcon.colcon_core.environment:checking '/home/ansuman/eyrc_hb/hb_task1b_ws/install/my_robot_interfaces/bin'
[1.382s] INFO:colcon.colcon_core.shell:Creating package script '/home/ansuman/eyrc_hb/hb_task1b_ws/install/my_robot_interfaces/share/my_robot_interfaces/package.ps1'
[1.383s] INFO:colcon.colcon_core.shell:Creating package descriptor '/home/ansuman/eyrc_hb/hb_task1b_ws/install/my_robot_interfaces/share/my_robot_interfaces/package.dsv'
[1.383s] INFO:colcon.colcon_core.shell:Creating package script '/home/ansuman/eyrc_hb/hb_task1b_ws/install/my_robot_interfaces/share/my_robot_interfaces/package.sh'
[1.384s] INFO:colcon.colcon_core.shell:Creating package script '/home/ansuman/eyrc_hb/hb_task1b_ws/install/my_robot_interfaces/share/my_robot_interfaces/package.bash'
[1.384s] INFO:colcon.colcon_core.shell:Creating package script '/home/ansuman/eyrc_hb/hb_task1b_ws/install/my_robot_interfaces/share/my_robot_interfaces/package.zsh'
[1.384s] Level 1:colcon.colcon_core.environment:create_file_with_runtime_dependencies(/home/ansuman/eyrc_hb/hb_task1b_ws/install/my_robot_interfaces/share/colcon-core/packages/my_robot_interfaces)
[1.485s] Level 1:colcon.colcon_core.environment:checking '/home/ansuman/eyrc_hb/hb_task1b_ws/install/hb_task_1b' for CMake module files
[1.485s] DEBUG:colcon.colcon_core.event_handler.log_command:Invoked command in '/home/ansuman/eyrc_hb/hb_task1b_ws/src/hb_task_1b' returned '0': PYTHONPATH=/home/ansuman/eyrc_hb/hb_task1b_ws/build/hb_task_1b/prefix_override:/home/ansuman/eyrc_hb/hb_task1b_ws/install/hb_task_1b/lib/python3.10/site-packages:${PYTHONPATH} /usr/bin/python3 setup.py egg_info --egg-base ../../build/hb_task_1b build --build-base /home/ansuman/eyrc_hb/hb_task1b_ws/build/hb_task_1b/build install --record /home/ansuman/eyrc_hb/hb_task1b_ws/build/hb_task_1b/install.log --single-version-externally-managed
[1.486s] Level 1:colcon.colcon_core.environment:checking '/home/ansuman/eyrc_hb/hb_task1b_ws/install/hb_task_1b' for CMake config files
[1.486s] Level 1:colcon.colcon_core.environment:checking '/home/ansuman/eyrc_hb/hb_task1b_ws/install/hb_task_1b/lib'
[1.486s] Level 1:colcon.colcon_core.environment:checking '/home/ansuman/eyrc_hb/hb_task1b_ws/install/hb_task_1b/bin'
[1.486s] Level 1:colcon.colcon_core.environment:checking '/home/ansuman/eyrc_hb/hb_task1b_ws/install/hb_task_1b/lib/pkgconfig/hb_task_1b.pc'
[1.486s] Level 1:colcon.colcon_core.environment:checking '/home/ansuman/eyrc_hb/hb_task1b_ws/install/hb_task_1b/lib/python3.10/site-packages'
[1.487s] Level 1:colcon.colcon_core.shell:create_environment_hook('hb_task_1b', 'pythonpath')
[1.490s] INFO:colcon.colcon_core.shell:Creating environment hook '/home/ansuman/eyrc_hb/hb_task1b_ws/install/hb_task_1b/share/hb_task_1b/hook/pythonpath.ps1'
[1.490s] INFO:colcon.colcon_core.shell:Creating environment descriptor '/home/ansuman/eyrc_hb/hb_task1b_ws/install/hb_task_1b/share/hb_task_1b/hook/pythonpath.dsv'
[1.491s] INFO:colcon.colcon_core.shell:Creating environment hook '/home/ansuman/eyrc_hb/hb_task1b_ws/install/hb_task_1b/share/hb_task_1b/hook/pythonpath.sh'
[1.491s] Level 1:colcon.colcon_core.environment:checking '/home/ansuman/eyrc_hb/hb_task1b_ws/install/hb_task_1b/bin'
[1.491s] Level 1:colcon.colcon_core.environment:create_environment_scripts_only(hb_task_1b)
[1.495s] INFO:colcon.colcon_core.shell:Creating package script '/home/ansuman/eyrc_hb/hb_task1b_ws/install/hb_task_1b/share/hb_task_1b/package.ps1'
[1.495s] INFO:colcon.colcon_core.shell:Creating package descriptor '/home/ansuman/eyrc_hb/hb_task1b_ws/install/hb_task_1b/share/hb_task_1b/package.dsv'
[1.495s] INFO:colcon.colcon_core.shell:Creating package script '/home/ansuman/eyrc_hb/hb_task1b_ws/install/hb_task_1b/share/hb_task_1b/package.sh'
[1.496s] INFO:colcon.colcon_core.shell:Creating package script '/home/ansuman/eyrc_hb/hb_task1b_ws/install/hb_task_1b/share/hb_task_1b/package.bash'
[1.496s] INFO:colcon.colcon_core.shell:Creating package script '/home/ansuman/eyrc_hb/hb_task1b_ws/install/hb_task_1b/share/hb_task_1b/package.zsh'
[1.496s] Level 1:colcon.colcon_core.environment:create_file_with_runtime_dependencies(/home/ansuman/eyrc_hb/hb_task1b_ws/install/hb_task_1b/share/colcon-core/packages/hb_task_1b)
[1.497s] DEBUG:colcon.colcon_parallel_executor.executor.parallel:closing loop
[1.497s] DEBUG:colcon.colcon_parallel_executor.executor.parallel:loop closed
[1.497s] DEBUG:colcon.colcon_parallel_executor.executor.parallel:run_until_complete finished with '0'
[1.497s] DEBUG:colcon.colcon_core.event_reactor:joining thread
[1.504s] INFO:colcon.colcon_core.plugin_system:Skipping extension 'colcon_notification.desktop_notification.terminal_notifier': Not used on non-Darwin systems
[1.504s] INFO:colcon.colcon_core.plugin_system:Skipping extension 'colcon_notification.desktop_notification.win32': Not used on non-Windows systems
[1.504s] INFO:colcon.colcon_notification.desktop_notification:Sending desktop notification using 'notify2'
[1.515s] DEBUG:colcon.colcon_core.event_reactor:joined thread
[1.518s] INFO:colcon.colcon_core.shell:Creating prefix script '/home/ansuman/eyrc_hb/hb_task1b_ws/install/local_setup.ps1'
[1.519s] INFO:colcon.colcon_core.shell:Creating prefix util module '/home/ansuman/eyrc_hb/hb_task1b_ws/install/_local_setup_util_ps1.py'
[1.520s] INFO:colcon.colcon_core.shell:Creating prefix chain script '/home/ansuman/eyrc_hb/hb_task1b_ws/install/setup.ps1'
[1.524s] INFO:colcon.colcon_core.shell:Creating prefix script '/home/ansuman/eyrc_hb/hb_task1b_ws/install/local_setup.sh'
[1.524s] INFO:colcon.colcon_core.shell:Creating prefix util module '/home/ansuman/eyrc_hb/hb_task1b_ws/install/_local_setup_util_sh.py'
[1.524s] INFO:colcon.colcon_core.shell:Creating prefix chain script '/home/ansuman/eyrc_hb/hb_task1b_ws/install/setup.sh'
[1.528s] INFO:colcon.colcon_core.shell:Creating prefix script '/home/ansuman/eyrc_hb/hb_task1b_ws/install/local_setup.bash'
[1.528s] INFO:colcon.colcon_core.shell:Creating prefix chain script '/home/ansuman/eyrc_hb/hb_task1b_ws/install/setup.bash'
[1.532s] INFO:colcon.colcon_core.shell:Creating prefix script '/home/ansuman/eyrc_hb/hb_task1b_ws/install/local_setup.zsh'
[1.532s] INFO:colcon.colcon_core.shell:Creating prefix chain script '/home/ansuman/eyrc_hb/hb_task1b_ws/install/setup.zsh'
