[0.614s] Invoking command in '/home/ansuman/eyrc_hb/hb_task1b_ws/src/hb_task_1b': PYTHONPATH=/home/ansuman/eyrc_hb/hb_task1b_ws/build/hb_task_1b/prefix_override:/home/ansuman/eyrc_hb/hb_task1b_ws/install/hb_task_1b/lib/python3.10/site-packages:${PYTHONPATH} /usr/bin/python3 setup.py egg_info --egg-base ../../build/hb_task_1b build --build-base /home/ansuman/eyrc_hb/hb_task1b_ws/build/hb_task_1b/build install --record /home/ansuman/eyrc_hb/hb_task1b_ws/build/hb_task_1b/install.log --single-version-externally-managed
[0.815s] running egg_info
[0.816s] writing ../../build/hb_task_1b/hb_task_1b.egg-info/PKG-INFO
[0.816s] writing dependency_links to ../../build/hb_task_1b/hb_task_1b.egg-info/dependency_links.txt
[0.816s] writing entry points to ../../build/hb_task_1b/hb_task_1b.egg-info/entry_points.txt
[0.816s] writing requirements to ../../build/hb_task_1b/hb_task_1b.egg-info/requires.txt
[0.816s] writing top-level names to ../../build/hb_task_1b/hb_task_1b.egg-info/top_level.txt
[0.817s] reading manifest file '../../build/hb_task_1b/hb_task_1b.egg-info/SOURCES.txt'
[0.818s] writing manifest file '../../build/hb_task_1b/hb_task_1b.egg-info/SOURCES.txt'
[0.818s] running build
[0.818s] running build_py
[0.818s] copying hb_task_1b/controller.py -> /home/ansuman/eyrc_hb/hb_task1b_ws/build/hb_task_1b/build/lib/hb_task_1b
[0.818s] running install
[0.819s] running install_lib
[0.819s] copying /home/ansuman/eyrc_hb/hb_task1b_ws/build/hb_task_1b/build/lib/hb_task_1b/controller.py -> /home/ansuman/eyrc_hb/hb_task1b_ws/install/hb_task_1b/lib/python3.10/site-packages/hb_task_1b
[0.820s] byte-compiling /home/ansuman/eyrc_hb/hb_task1b_ws/install/hb_task_1b/lib/python3.10/site-packages/hb_task_1b/controller.py to controller.cpython-310.pyc
[0.820s]   File "/home/ansuman/eyrc_hb/hb_task1b_ws/install/hb_task_1b/lib/python3.10/site-packages/hb_task_1b/controller.py", line 187
[0.820s]     ki=0.01s
[0.820s]           ^
[0.820s] SyntaxError: invalid decimal literal
[0.821s] 
[0.821s] running install_data
[0.821s] running install_egg_info
[0.822s] removing '/home/ansuman/eyrc_hb/hb_task1b_ws/install/hb_task_1b/lib/python3.10/site-packages/hb_task_1b-0.0.0-py3.10.egg-info' (and everything under it)
[0.822s] Copying ../../build/hb_task_1b/hb_task_1b.egg-info to /home/ansuman/eyrc_hb/hb_task1b_ws/install/hb_task_1b/lib/python3.10/site-packages/hb_task_1b-0.0.0-py3.10.egg-info
[0.823s] running install_scripts
[0.838s] Installing controller script to /home/ansuman/eyrc_hb/hb_task1b_ws/install/hb_task_1b/lib/hb_task_1b
[0.838s] Installing service_node script to /home/ansuman/eyrc_hb/hb_task1b_ws/install/hb_task_1b/lib/hb_task_1b
[0.839s] writing list of installed files to '/home/ansuman/eyrc_hb/hb_task1b_ws/build/hb_task_1b/install.log'
[0.864s] Invoked command in '/home/ansuman/eyrc_hb/hb_task1b_ws/src/hb_task_1b' returned '0': PYTHONPATH=/home/ansuman/eyrc_hb/hb_task1b_ws/build/hb_task_1b/prefix_override:/home/ansuman/eyrc_hb/hb_task1b_ws/install/hb_task_1b/lib/python3.10/site-packages:${PYTHONPATH} /usr/bin/python3 setup.py egg_info --egg-base ../../build/hb_task_1b build --build-base /home/ansuman/eyrc_hb/hb_task1b_ws/build/hb_task_1b/build install --record /home/ansuman/eyrc_hb/hb_task1b_ws/build/hb_task_1b/install.log --single-version-externally-managed
