[0.788s] Invoking command in '/home/ansuman/eyrc_hb/hb_task1b_ws/src/hb_task_1b': PYTHONPATH=/home/ansuman/eyrc_hb/hb_task1b_ws/build/hb_task_1b/prefix_override:/home/ansuman/eyrc_hb/hb_task1b_ws/install/hb_task_1b/lib/python3.10/site-packages:${PYTHONPATH} /usr/bin/python3 setup.py egg_info --egg-base ../../build/hb_task_1b build --build-base /home/ansuman/eyrc_hb/hb_task1b_ws/build/hb_task_1b/build install --record /home/ansuman/eyrc_hb/hb_task1b_ws/build/hb_task_1b/install.log --single-version-externally-managed
[1.008s] running egg_info
[1.008s] writing ../../build/hb_task_1b/hb_task_1b.egg-info/PKG-INFO
[1.009s] writing dependency_links to ../../build/hb_task_1b/hb_task_1b.egg-info/dependency_links.txt
[1.009s] writing entry points to ../../build/hb_task_1b/hb_task_1b.egg-info/entry_points.txt
[1.009s] writing requirements to ../../build/hb_task_1b/hb_task_1b.egg-info/requires.txt
[1.009s] writing top-level names to ../../build/hb_task_1b/hb_task_1b.egg-info/top_level.txt
[1.010s] reading manifest file '../../build/hb_task_1b/hb_task_1b.egg-info/SOURCES.txt'
[1.011s] writing manifest file '../../build/hb_task_1b/hb_task_1b.egg-info/SOURCES.txt'
[1.011s] running build
[1.011s] running build_py
[1.011s] copying hb_task_1b/controller.py -> /home/ansuman/eyrc_hb/hb_task1b_ws/build/hb_task_1b/build/lib/hb_task_1b
[1.012s] running install
[1.012s] running install_lib
[1.012s] copying /home/ansuman/eyrc_hb/hb_task1b_ws/build/hb_task_1b/build/lib/hb_task_1b/controller.py -> /home/ansuman/eyrc_hb/hb_task1b_ws/install/hb_task_1b/lib/python3.10/site-packages/hb_task_1b
[1.013s] byte-compiling /home/ansuman/eyrc_hb/hb_task1b_ws/install/hb_task_1b/lib/python3.10/site-packages/hb_task_1b/controller.py to controller.cpython-310.pyc
[1.014s] running install_data
[1.015s] running install_egg_info
[1.016s] removing '/home/ansuman/eyrc_hb/hb_task1b_ws/install/hb_task_1b/lib/python3.10/site-packages/hb_task_1b-0.0.0-py3.10.egg-info' (and everything under it)
[1.017s] Copying ../../build/hb_task_1b/hb_task_1b.egg-info to /home/ansuman/eyrc_hb/hb_task1b_ws/install/hb_task_1b/lib/python3.10/site-packages/hb_task_1b-0.0.0-py3.10.egg-info
[1.017s] running install_scripts
[1.034s] Installing controller script to /home/ansuman/eyrc_hb/hb_task1b_ws/install/hb_task_1b/lib/hb_task_1b
[1.034s] Installing service_node script to /home/ansuman/eyrc_hb/hb_task1b_ws/install/hb_task_1b/lib/hb_task_1b
[1.034s] writing list of installed files to '/home/ansuman/eyrc_hb/hb_task1b_ws/build/hb_task_1b/install.log'
[1.063s] Invoked command in '/home/ansuman/eyrc_hb/hb_task1b_ws/src/hb_task_1b' returned '0': PYTHONPATH=/home/ansuman/eyrc_hb/hb_task1b_ws/build/hb_task_1b/prefix_override:/home/ansuman/eyrc_hb/hb_task1b_ws/install/hb_task_1b/lib/python3.10/site-packages:${PYTHONPATH} /usr/bin/python3 setup.py egg_info --egg-base ../../build/hb_task_1b build --build-base /home/ansuman/eyrc_hb/hb_task1b_ws/build/hb_task_1b/build install --record /home/ansuman/eyrc_hb/hb_task1b_ws/build/hb_task_1b/install.log --single-version-externally-managed
