[0.710s] Invoking command in '/home/ubuntu2204/eyrc_hb/hb_task1a_ws/build/hb_task_1a': CMAKE_PREFIX_PATH=/home/ubuntu2204/eyrc_hb/hb_task1a_ws/install/turtlesim:/home/ubuntu2204/eyrc_hb/hb_task1b_ws/install/my_robot_interfaces LD_LIBRARY_PATH=/home/ubuntu2204/eyrc_hb/hb_task1a_ws/install/turtlesim/lib:/home/ubuntu2204/eyrc_hb/hb_task1b_ws/install/my_robot_interfaces/lib:/usr/lib/x86_64-linux-gnu/gazebo-11/plugins:/opt/ros/humble/opt/rviz_ogre_vendor/lib:/opt/ros/humble/lib/x86_64-linux-gnu:/opt/ros/humble/lib PYTHONPATH=/home/ubuntu2204/eyrc_hb/hb_task1a_ws/build/hb_task_1a/prefix_override:/home/ubuntu2204/eyrc_hb/hb_task1a_ws/install/hb_task_1a/lib/python3.10/site-packages:${PYTHONPATH} /usr/bin/python3 setup.py develop --uninstall --editable --build-directory /home/ubuntu2204/eyrc_hb/hb_task1a_ws/build/hb_task_1a/build
[0.961s] running develop
[1.094s] Removing /home/ubuntu2204/eyrc_hb/hb_task1a_ws/install/hb_task_1a/lib/python3.10/site-packages/hb-task-1a.egg-link (link to .)
[1.133s] Invoked command in '/home/ubuntu2204/eyrc_hb/hb_task1a_ws/build/hb_task_1a' returned '0': CMAKE_PREFIX_PATH=/home/ubuntu2204/eyrc_hb/hb_task1a_ws/install/turtlesim:/home/ubuntu2204/eyrc_hb/hb_task1b_ws/install/my_robot_interfaces LD_LIBRARY_PATH=/home/ubuntu2204/eyrc_hb/hb_task1a_ws/install/turtlesim/lib:/home/ubuntu2204/eyrc_hb/hb_task1b_ws/install/my_robot_interfaces/lib:/usr/lib/x86_64-linux-gnu/gazebo-11/plugins:/opt/ros/humble/opt/rviz_ogre_vendor/lib:/opt/ros/humble/lib/x86_64-linux-gnu:/opt/ros/humble/lib PYTHONPATH=/home/ubuntu2204/eyrc_hb/hb_task1a_ws/build/hb_task_1a/prefix_override:/home/ubuntu2204/eyrc_hb/hb_task1a_ws/install/hb_task_1a/lib/python3.10/site-packages:${PYTHONPATH} /usr/bin/python3 setup.py develop --uninstall --editable --build-directory /home/ubuntu2204/eyrc_hb/hb_task1a_ws/build/hb_task_1a/build
[1.138s] Invoking command in '/home/ubuntu2204/eyrc_hb/hb_task1a_ws/src/hb_task_1a': CMAKE_PREFIX_PATH=/home/ubuntu2204/eyrc_hb/hb_task1a_ws/install/turtlesim:/home/ubuntu2204/eyrc_hb/hb_task1b_ws/install/my_robot_interfaces LD_LIBRARY_PATH=/home/ubuntu2204/eyrc_hb/hb_task1a_ws/install/turtlesim/lib:/home/ubuntu2204/eyrc_hb/hb_task1b_ws/install/my_robot_interfaces/lib:/usr/lib/x86_64-linux-gnu/gazebo-11/plugins:/opt/ros/humble/opt/rviz_ogre_vendor/lib:/opt/ros/humble/lib/x86_64-linux-gnu:/opt/ros/humble/lib PYTHONPATH=/home/ubuntu2204/eyrc_hb/hb_task1a_ws/build/hb_task_1a/prefix_override:/home/ubuntu2204/eyrc_hb/hb_task1a_ws/install/hb_task_1a/lib/python3.10/site-packages:${PYTHONPATH} /usr/bin/python3 setup.py egg_info --egg-base ../../build/hb_task_1a build --build-base /home/ubuntu2204/eyrc_hb/hb_task1a_ws/build/hb_task_1a/build install --record /home/ubuntu2204/eyrc_hb/hb_task1a_ws/build/hb_task_1a/install.log --single-version-externally-managed
[1.343s] running egg_info
[1.343s] writing ../../build/hb_task_1a/hb_task_1a.egg-info/PKG-INFO
[1.344s] writing dependency_links to ../../build/hb_task_1a/hb_task_1a.egg-info/dependency_links.txt
[1.344s] writing entry points to ../../build/hb_task_1a/hb_task_1a.egg-info/entry_points.txt
[1.344s] writing requirements to ../../build/hb_task_1a/hb_task_1a.egg-info/requires.txt
[1.344s] writing top-level names to ../../build/hb_task_1a/hb_task_1a.egg-info/top_level.txt
[1.346s] reading manifest file '../../build/hb_task_1a/hb_task_1a.egg-info/SOURCES.txt'
[1.346s] writing manifest file '../../build/hb_task_1a/hb_task_1a.egg-info/SOURCES.txt'
[1.347s] running build
[1.347s] running build_py
[1.347s] creating /home/ubuntu2204/eyrc_hb/hb_task1a_ws/build/hb_task_1a/build
[1.347s] creating /home/ubuntu2204/eyrc_hb/hb_task1a_ws/build/hb_task_1a/build/lib
[1.347s] creating /home/ubuntu2204/eyrc_hb/hb_task1a_ws/build/hb_task_1a/build/lib/hb_task_1a
[1.348s] copying hb_task_1a/__init__.py -> /home/ubuntu2204/eyrc_hb/hb_task1a_ws/build/hb_task_1a/build/lib/hb_task_1a
[1.348s] copying hb_task_1a/task_1a_1545.py -> /home/ubuntu2204/eyrc_hb/hb_task1a_ws/build/hb_task_1a/build/lib/hb_task_1a
[1.348s] running install
[1.348s] running install_lib
[1.348s] creating /home/ubuntu2204/eyrc_hb/hb_task1a_ws/install/hb_task_1a/lib/python3.10/site-packages/hb_task_1a
[1.349s] copying /home/ubuntu2204/eyrc_hb/hb_task1a_ws/build/hb_task_1a/build/lib/hb_task_1a/__init__.py -> /home/ubuntu2204/eyrc_hb/hb_task1a_ws/install/hb_task_1a/lib/python3.10/site-packages/hb_task_1a
[1.349s] copying /home/ubuntu2204/eyrc_hb/hb_task1a_ws/build/hb_task_1a/build/lib/hb_task_1a/task_1a_1545.py -> /home/ubuntu2204/eyrc_hb/hb_task1a_ws/install/hb_task_1a/lib/python3.10/site-packages/hb_task_1a
[1.349s] byte-compiling /home/ubuntu2204/eyrc_hb/hb_task1a_ws/install/hb_task_1a/lib/python3.10/site-packages/hb_task_1a/__init__.py to __init__.cpython-310.pyc
[1.349s] byte-compiling /home/ubuntu2204/eyrc_hb/hb_task1a_ws/install/hb_task_1a/lib/python3.10/site-packages/hb_task_1a/task_1a_1545.py to task_1a_1545.cpython-310.pyc
[1.349s] running install_data
[1.350s] running install_egg_info
[1.351s] Copying ../../build/hb_task_1a/hb_task_1a.egg-info to /home/ubuntu2204/eyrc_hb/hb_task1a_ws/install/hb_task_1a/lib/python3.10/site-packages/hb_task_1a-0.0.0-py3.10.egg-info
[1.352s] running install_scripts
[1.369s] Installing task_1a_1545 script to /home/ubuntu2204/eyrc_hb/hb_task1a_ws/install/hb_task_1a/lib/hb_task_1a
[1.369s] writing list of installed files to '/home/ubuntu2204/eyrc_hb/hb_task1a_ws/build/hb_task_1a/install.log'
[1.407s] Invoked command in '/home/ubuntu2204/eyrc_hb/hb_task1a_ws/src/hb_task_1a' returned '0': CMAKE_PREFIX_PATH=/home/ubuntu2204/eyrc_hb/hb_task1a_ws/install/turtlesim:/home/ubuntu2204/eyrc_hb/hb_task1b_ws/install/my_robot_interfaces LD_LIBRARY_PATH=/home/ubuntu2204/eyrc_hb/hb_task1a_ws/install/turtlesim/lib:/home/ubuntu2204/eyrc_hb/hb_task1b_ws/install/my_robot_interfaces/lib:/usr/lib/x86_64-linux-gnu/gazebo-11/plugins:/opt/ros/humble/opt/rviz_ogre_vendor/lib:/opt/ros/humble/lib/x86_64-linux-gnu:/opt/ros/humble/lib PYTHONPATH=/home/ubuntu2204/eyrc_hb/hb_task1a_ws/build/hb_task_1a/prefix_override:/home/ubuntu2204/eyrc_hb/hb_task1a_ws/install/hb_task_1a/lib/python3.10/site-packages:${PYTHONPATH} /usr/bin/python3 setup.py egg_info --egg-base ../../build/hb_task_1a build --build-base /home/ubuntu2204/eyrc_hb/hb_task1a_ws/build/hb_task_1a/build install --record /home/ubuntu2204/eyrc_hb/hb_task1a_ws/build/hb_task_1a/install.log --single-version-externally-managed
