[0.536s] Invoking command in '/home/ansuman/eyrc_hb/hb_task1b_ws/src/hb_task_1b': PYTHONPATH=/home/ansuman/eyrc_hb/hb_task1b_ws/build/hb_task_1b/prefix_override:/home/ansuman/eyrc_hb/hb_task1b_ws/install/hb_task_1b/lib/python3.10/site-packages:${PYTHONPATH} /usr/bin/python3 setup.py egg_info --egg-base ../../build/hb_task_1b build --build-base /home/ansuman/eyrc_hb/hb_task1b_ws/build/hb_task_1b/build install --record /home/ansuman/eyrc_hb/hb_task1b_ws/build/hb_task_1b/install.log --single-version-externally-managed
[0.728s] running egg_info
[0.728s] creating ../../build/hb_task_1b/hb_task_1b.egg-info
[0.728s] writing ../../build/hb_task_1b/hb_task_1b.egg-info/PKG-INFO
[0.729s] writing dependency_links to ../../build/hb_task_1b/hb_task_1b.egg-info/dependency_links.txt
[0.729s] writing entry points to ../../build/hb_task_1b/hb_task_1b.egg-info/entry_points.txt
[0.729s] writing requirements to ../../build/hb_task_1b/hb_task_1b.egg-info/requires.txt
[0.729s] writing top-level names to ../../build/hb_task_1b/hb_task_1b.egg-info/top_level.txt
[0.729s] writing manifest file '../../build/hb_task_1b/hb_task_1b.egg-info/SOURCES.txt'
[0.730s] reading manifest file '../../build/hb_task_1b/hb_task_1b.egg-info/SOURCES.txt'
[0.731s] writing manifest file '../../build/hb_task_1b/hb_task_1b.egg-info/SOURCES.txt'
[0.731s] running build
[0.731s] running build_py
[0.731s] creating /home/ansuman/eyrc_hb/hb_task1b_ws/build/hb_task_1b/build
[0.731s] creating /home/ansuman/eyrc_hb/hb_task1b_ws/build/hb_task_1b/build/lib
[0.731s] creating /home/ansuman/eyrc_hb/hb_task1b_ws/build/hb_task_1b/build/lib/hb_task_1b
[0.731s] copying hb_task_1b/controller.py -> /home/ansuman/eyrc_hb/hb_task1b_ws/build/hb_task_1b/build/lib/hb_task_1b
[0.731s] copying hb_task_1b/__init__.py -> /home/ansuman/eyrc_hb/hb_task1b_ws/build/hb_task_1b/build/lib/hb_task_1b
[0.731s] copying hb_task_1b/service_node.py -> /home/ansuman/eyrc_hb/hb_task1b_ws/build/hb_task_1b/build/lib/hb_task_1b
[0.731s] running install
[0.732s] running install_lib
[0.732s] creating /home/ansuman/eyrc_hb/hb_task1b_ws/install/hb_task_1b/lib/python3.10/site-packages/hb_task_1b
[0.732s] copying /home/ansuman/eyrc_hb/hb_task1b_ws/build/hb_task_1b/build/lib/hb_task_1b/controller.py -> /home/ansuman/eyrc_hb/hb_task1b_ws/install/hb_task_1b/lib/python3.10/site-packages/hb_task_1b
[0.732s] copying /home/ansuman/eyrc_hb/hb_task1b_ws/build/hb_task_1b/build/lib/hb_task_1b/__init__.py -> /home/ansuman/eyrc_hb/hb_task1b_ws/install/hb_task_1b/lib/python3.10/site-packages/hb_task_1b
[0.732s] copying /home/ansuman/eyrc_hb/hb_task1b_ws/build/hb_task_1b/build/lib/hb_task_1b/service_node.py -> /home/ansuman/eyrc_hb/hb_task1b_ws/install/hb_task_1b/lib/python3.10/site-packages/hb_task_1b
[0.733s] byte-compiling /home/ansuman/eyrc_hb/hb_task1b_ws/install/hb_task_1b/lib/python3.10/site-packages/hb_task_1b/controller.py to controller.cpython-310.pyc
[0.733s] byte-compiling /home/ansuman/eyrc_hb/hb_task1b_ws/install/hb_task_1b/lib/python3.10/site-packages/hb_task_1b/__init__.py to __init__.cpython-310.pyc
[0.733s] byte-compiling /home/ansuman/eyrc_hb/hb_task1b_ws/install/hb_task_1b/lib/python3.10/site-packages/hb_task_1b/service_node.py to service_node.cpython-310.pyc
[0.734s] running install_data
[0.735s] creating /home/ansuman/eyrc_hb/hb_task1b_ws/install/hb_task_1b/share/ament_index
[0.735s] creating /home/ansuman/eyrc_hb/hb_task1b_ws/install/hb_task_1b/share/ament_index/resource_index
[0.735s] creating /home/ansuman/eyrc_hb/hb_task1b_ws/install/hb_task_1b/share/ament_index/resource_index/packages
[0.735s] copying resource/hb_task_1b -> /home/ansuman/eyrc_hb/hb_task1b_ws/install/hb_task_1b/share/ament_index/resource_index/packages
[0.735s] copying package.xml -> /home/ansuman/eyrc_hb/hb_task1b_ws/install/hb_task_1b/share/hb_task_1b
[0.735s] creating /home/ansuman/eyrc_hb/hb_task1b_ws/install/hb_task_1b/share/hb_task_1b/launch
[0.735s] copying launch/gazebo.launch.py -> /home/ansuman/eyrc_hb/hb_task1b_ws/install/hb_task_1b/share/hb_task_1b/launch
[0.735s] copying launch/hb_task1b.launch.py -> /home/ansuman/eyrc_hb/hb_task1b_ws/install/hb_task_1b/share/hb_task_1b/launch
[0.735s] creating /home/ansuman/eyrc_hb/hb_task1b_ws/install/hb_task_1b/share/hb_task_1b/urdf
[0.735s] copying urdf/hb_bot.urdf.xacro -> /home/ansuman/eyrc_hb/hb_task1b_ws/install/hb_task_1b/share/hb_task_1b/urdf
[0.735s] copying urdf/materials.xacro -> /home/ansuman/eyrc_hb/hb_task1b_ws/install/hb_task_1b/share/hb_task_1b/urdf
[0.735s] creating /home/ansuman/eyrc_hb/hb_task1b_ws/install/hb_task_1b/share/hb_task_1b/worlds
[0.735s] copying worlds/gazebo.world -> /home/ansuman/eyrc_hb/hb_task1b_ws/install/hb_task_1b/share/hb_task_1b/worlds
[0.735s] creating /home/ansuman/eyrc_hb/hb_task1b_ws/install/hb_task_1b/lib/hb_task_1b
[0.735s] running install_egg_info
[0.736s] Copying ../../build/hb_task_1b/hb_task_1b.egg-info to /home/ansuman/eyrc_hb/hb_task1b_ws/install/hb_task_1b/lib/python3.10/site-packages/hb_task_1b-0.0.0-py3.10.egg-info
[0.737s] running install_scripts
[0.753s] Installing controller script to /home/ansuman/eyrc_hb/hb_task1b_ws/install/hb_task_1b/lib/hb_task_1b
[0.753s] Installing service_node script to /home/ansuman/eyrc_hb/hb_task1b_ws/install/hb_task_1b/lib/hb_task_1b
[0.753s] writing list of installed files to '/home/ansuman/eyrc_hb/hb_task1b_ws/build/hb_task_1b/install.log'
[0.777s] Invoked command in '/home/ansuman/eyrc_hb/hb_task1b_ws/src/hb_task_1b' returned '0': PYTHONPATH=/home/ansuman/eyrc_hb/hb_task1b_ws/build/hb_task_1b/prefix_override:/home/ansuman/eyrc_hb/hb_task1b_ws/install/hb_task_1b/lib/python3.10/site-packages:${PYTHONPATH} /usr/bin/python3 setup.py egg_info --egg-base ../../build/hb_task_1b build --build-base /home/ansuman/eyrc_hb/hb_task1b_ws/build/hb_task_1b/build install --record /home/ansuman/eyrc_hb/hb_task1b_ws/build/hb_task_1b/install.log --single-version-externally-managed
